[2023-04-20 22:30:37] [[31merror[39m] Error: Location: => 123,32423
    at exports.test (C:\Users\PK\Desktop\backend\controllers\tinmoi.controller.js:3:18)
    at Layer.handle [as handle_request] (C:\Users\PK\Desktop\backend\node_modules\express\lib\router\layer.js:95:5)
    at next (C:\Users\PK\Desktop\backend\node_modules\express\lib\router\route.js:144:13)
    at Route.dispatch (C:\Users\PK\Desktop\backend\node_modules\express\lib\router\route.js:114:3)
    at Layer.handle [as handle_request] (C:\Users\PK\Desktop\backend\node_modules\express\lib\router\layer.js:95:5)
    at C:\Users\PK\Desktop\backend\node_modules\express\lib\router\index.js:284:15
    at Function.process_params (C:\Users\PK\Desktop\backend\node_modules\express\lib\router\index.js:346:12)
    at next (C:\Users\PK\Desktop\backend\node_modules\express\lib\router\index.js:280:10)
    at Function.handle (C:\Users\PK\Desktop\backend\node_modules\express\lib\router\index.js:175:3)
    at router (C:\Users\PK\Desktop\backend\node_modules\express\lib\router\index.js:47:12)
[2023-04-20 22:32:04] [[31merror[39m] Error: Location: => 123,32423
    at exports.test (C:\Users\PK\Desktop\backend\controllers\tinmoi.controller.js:3:18)
    at Layer.handle [as handle_request] (C:\Users\PK\Desktop\backend\node_modules\express\lib\router\layer.js:95:5)
    at next (C:\Users\PK\Desktop\backend\node_modules\express\lib\router\route.js:144:13)
    at Route.dispatch (C:\Users\PK\Desktop\backend\node_modules\express\lib\router\route.js:114:3)
    at Layer.handle [as handle_request] (C:\Users\PK\Desktop\backend\node_modules\express\lib\router\layer.js:95:5)
    at C:\Users\PK\Desktop\backend\node_modules\express\lib\router\index.js:284:15
    at Function.process_params (C:\Users\PK\Desktop\backend\node_modules\express\lib\router\index.js:346:12)
    at next (C:\Users\PK\Desktop\backend\node_modules\express\lib\router\index.js:280:10)
    at Function.handle (C:\Users\PK\Desktop\backend\node_modules\express\lib\router\index.js:175:3)
    at router (C:\Users\PK\Desktop\backend\node_modules\express\lib\router\index.js:47:12)
